WARNING:tensorflow:5 out of the last 5 calls to <function Model.make_predict_function.<locals>.predict_function at 0x7f923e979d80> triggered tf.function retracing. Tracing is expensive and the excessive number of tracings could be due to (1) creating @tf.function repeatedly in a loop, (2) passing tensors with different shapes, (3) passing Python objects instead of tensors. For (1), please define your @tf.function outside of the loop. For (2), @tf.function has experimental_relax_shapes=True option that relaxes argument shapes that can avoid unnecessary retracing. For (3), please refer to https://www.tensorflow.org/guide/function#controlling_retracing and https://www.tensorflow.org/api_docs/python/tf/function for  more details.
WARNING:tensorflow:6 out of the last 6 calls to <function Model.make_predict_function.<locals>.predict_function at 0x7f923fd2c940> triggered tf.function retracing. Tracing is expensive and the excessive number of tracings could be due to (1) creating @tf.function repeatedly in a loop, (2) passing tensors with different shapes, (3) passing Python objects instead of tensors. For (1), please define your @tf.function outside of the loop. For (2), @tf.function has experimental_relax_shapes=True option that relaxes argument shapes that can avoid unnecessary retracing. For (3), please refer to https://www.tensorflow.org/guide/function#controlling_retracing and https://www.tensorflow.org/api_docs/python/tf/function for  more details.
INFO:root:23/07/2022, 19:10:23 - Left - 1 killed and several injured in shooting in downtown Renton, Washington, police say - CNN - https://www.cnn.com/2022/07/23/us/renton-washingtonshooting/index.html
INFO:root:23/07/2022, 19:10:23 - Neutral - Woeful Red Sox concede inside-the-park grand slam in record 28-5 loss to Jays - The Guardian - https://amp.theguardian.com/sport/2022/jul/23/boston-red-sox-toronto-blue-jays-28-5-inside-the-park-grand-slam-baseball
INFO:root:23/07/2022, 19:10:23 - Neutral - Russia-Ukraine War News: Live Updates - The New York Times - https://www.nytimes.com/live/2022/07/23/world/ukraine-war-russia
INFO:root:23/07/2022, 19:10:23 - Left - Kyiv and Moscow agree deal to resume Ukraine grain exports from Black Sea ports - CNN - https://www.cnn.com/2022/07/22/europe/ukraine-russia-grain-deal-turkey-intl/index.html
INFO:root:23/07/2022, 19:10:23 - Neutral - Bannon attacks Jan. 6 committee on Fox News after Congress contempt conviction - The Washington Post - https://www.washingtonpost.com/politics/2022/07/23/steve-bannon-jan-6-tucker-carlson/
INFO:root:23/07/2022, 19:10:23 - Neutral - Newsom signs gun control bill modeled after Texas abortion law - Fox News - https://www.foxnews.com/politics/newsom-signs-gun-control-bill-modeled-texas-abortion-law
INFO:root:23/07/2022, 19:10:23 - Left - 'Godfather' Star James Caan Died from Heart Attack - TMZ - https://www.tmz.com/2022/07/23/james-caan-cause-death-revealed-heart-attack-godfather/
INFO:root:23/07/2022, 19:10:23 - Neutral - Sydney McLaughlin shatters 400-meter hurdles world record - The Washington Post - https://www.washingtonpost.com/sports/olympics/2022/07/22/sydney-mclaughlin-400-meter-hurdles-world-record/
INFO:root:23/07/2022, 19:10:23 - Left - Israeli couple arrested after man dies in pool sinkhole - New York Post  - https://nypost.com/2022/07/23/israeli-couple-arrested-after-man-dies-in-pool-sinkhole/
INFO:root:23/07/2022, 19:10:23 - Neutral - Mega Millions jackpot swells to $790 million after no lottery ticket drew all 6 winning numbers - CNN - https://www.cnn.com/2022/07/23/us/mega-millions-jackpot-friday/index.html
INFO:root:23/07/2022, 19:10:23 - Neutral - Oppressive heat will bake much of the US this weekend, with the Northeast expected to see triple-digit temperatures - CNN - https://www.cnn.com/2022/07/23/weather/us-extreme-heat-saturday/index.html
INFO:root:23/07/2022, 19:10:23 - Neutral - Bellator 283 results: Jason Jackson sweeps scorecards vs. Douglas Lima in uneventful main event - MMA Junkie - https://mmajunkie.usatoday.com/2022/07/bellator-283-results-douglas-lima-vs-jason-jackson
INFO:root:23/07/2022, 19:10:23 - Neutral - Jan. 6 hearings traced an arc of 'carnage' wrought by Trump - The Associated Press - en Español - https://apnews.com/article/Jan-6-hearings-Trump-capitol-10351fe6d555eaee7554379ceed8bb24
INFO:root:23/07/2022, 19:10:23 - Right - Author Wes Moore wins Democratic race for Maryland governor - The Associated Press - https://apnews.com/article/2022-midterm-elections-entertainment-donald-trump-larry-hogan-cdacc45d4f3cc6f65d14357d0ae86c64
INFO:root:23/07/2022, 19:10:23 - Neutral - Josh Hawley Pledges to Not 'Run,' After Being Caught Running From Trump Mob - The Daily Beast - https://www.thedailybeast.com/josh-hawley-pledges-to-not-run-after-being-caught-running-from-trump-mob
INFO:root:23/07/2022, 19:10:23 - Neutral - Monkeypox: US confirms first cases of virus in children - The Guardian US - https://amp.theguardian.com/us-news/2022/jul/23/monkeypox-us-confirms-first-cases-of-virus-in-children
INFO:root:23/07/2022, 19:10:23 - Neutral - Stephanie McMahon and the WWE Universe give thanks to Mr. McMahon: SmackDown, July 22, 2022 - WWE - https://www.youtube.com/supported_browsers?next_url=https:%2F%2Fwww.youtube.com%2Fwatch%3Fv%3D2-5HEm9DMXU
INFO:root:23/07/2022, 19:10:23 - Neutral - Multiversus Developers on Designing Lebron James | Comic Con 2022 - IGN - https://www.youtube.com/watch?v=xQN37RxCC7o
INFO:root:23/07/2022, 19:10:23 - Neutral - Police arrest leading gay activist in crackdown on Tunisia rally - Al Jazeera English - https://www.aljazeera.com/news/2022/7/23/police-arrest-leading-gay-activist-in-crackdown-on-tunisia-rally
INFO:root:23/07/2022, 19:10:23 - Neutral - VW Board Ousts CEO Herbert Diess After Pivot to Electric Vehicles - The Wall Street Journal - https://www.wsj.com/articles/volkswagen-ceo-herbert-diess-is-stepping-down-11658507894
